Build started 9/1/2015 10:12:43 PM.
     1>Project "C:\Users\Student\Desktop\dev\SFUMaps\misc-files\LocationAlgorithim\LocationAlgorithim\LocationAlgorithim\LocationAlgorithim.vcxproj" on node 2 (Build target(s)).
     1>ClCompile:
         C:\Program Files (x86)\Microsoft Visual Studio 14.0\VC\bin\CL.exe /c /ZI /nologo /W3 /WX- /Od /Oy- /D WIN32 /D _DEBUG /D _WINDOWS /D _UNICODE /D UNICODE /Gm /EHsc /RTC1 /MDd /GS /fp:precise /Zc:wchar_t /Zc:forScope /Zc:inline /Fo"Debug\\" /Fd"Debug\vc140.pdb" /Gd /TP /analyze- /errorReport:prompt Source.cpp
         Source.cpp
     1>c:\users\student\desktop\dev\sfumaps\misc-files\locationalgorithim\locationalgorithim\locationalgorithim\source.cpp(23): error C2143: syntax error: missing ';' before 'for'
     1>Done Building Project "C:\Users\Student\Desktop\dev\SFUMaps\misc-files\LocationAlgorithim\LocationAlgorithim\LocationAlgorithim\LocationAlgorithim.vcxproj" (Build target(s)) -- FAILED.

Build FAILED.

Time Elapsed 00:00:04.40
